<?xml version="1.0" encoding="UTF-8"?>
<!-- Generated by org.testng.reporters.JUnitXMLReporter -->
<testsuite ignored="0" hostname="DESKTOP-36GPC1S" failures="0" tests="3" name="Test1" time="58.931" errors="0" timestamp="2026-02-23T23:23:46 IST">
  <testcase classname="testScript.AdminUserTest" name="verifyIfUserIsAbleToAddNewUsers" time="4.393"/>
  <testcase classname="testScript.AdminUserTest" name="verifyIfUserIsAbleToResetPage" time="6.1"/>
  <testcase classname="testScript.AdminUserTest" name="verifyIfUserIsAbleToSearchExistingUsers" time="15.953"/>
</testsuite> <!-- Test1 -->
