<?xml version="1.0" encoding="UTF-8"?>
<!-- Generated by org.testng.reporters.JUnitXMLReporter -->
<testsuite ignored="2" hostname="DESKTOP-36GPC1S" failures="0" tests="1" name="Test2" time="11.472" errors="0" timestamp="2026-02-22T20:35:17 IST">
  <testcase classname="testScript.AdminUserTest" name="verifyIfUserIsAbleToSearchExistingUsers" time="2.965"/>
  <testcase classname="testScript.AdminUserTest" name="verifyIfUserIsAbleToResetPage" time="0.0">
    <ignored/>
  </testcase> <!-- verifyIfUserIsAbleToResetPage -->
  <testcase classname="testScript.AdminUserTest" name="verifyIfUserIsAbleToAddNewUsers" time="0.0">
    <ignored/>
  </testcase> <!-- verifyIfUserIsAbleToAddNewUsers -->
</testsuite> <!-- Test2 -->
