<?xml version="1.0" encoding="UTF-8"?>
<!-- Generated by org.testng.reporters.JUnitXMLReporter -->
<testsuite ignored="0" hostname="DESKTOP-36GPC1S" failures="0" tests="3" name="Test3" time="27.249" errors="0" timestamp="2026-02-22T20:35:44 IST">
  <testcase classname="testScript.ManageNewsTest" name="verifyUserIsAbleToAddNews" time="2.442"/>
  <testcase classname="testScript.ManageNewsTest" name="verifyUserIsAbleToResetNews" time="0.0">
    <skipped/>
  </testcase> <!-- verifyUserIsAbleToResetNews -->
  <testcase classname="testScript.ManageNewsTest" name="verifyUserIsAbleToSearchNews" time="0.0">
    <skipped/>
  </testcase> <!-- verifyUserIsAbleToSearchNews -->
</testsuite> <!-- Test3 -->
