<?xml version="1.0" encoding="UTF-8"?>
<!-- Generated by org.testng.reporters.JUnitXMLReporter -->
<testsuite ignored="0" hostname="DESKTOP-36GPC1S" failures="0" tests="3" name="Test1" time="39.948" errors="0" timestamp="2026-02-25T21:55:06 IST">
  <testcase classname="testScript.ManageNewsTest" name="verifyUserIsAbleToAddNews" time="5.805"/>
  <testcase classname="testScript.ManageNewsTest" name="verifyUserIsAbleToResetNews" time="9.607"/>
  <testcase classname="testScript.ManageNewsTest" name="verifyUserIsAbleToSearchNews" time="11.5"/>
</testsuite> <!-- Test1 -->
