<?xml version="1.0" encoding="UTF-8"?>
<!-- Generated by org.testng.reporters.JUnitXMLReporter -->
<testsuite ignored="3" hostname="DESKTOP-36GPC1S" failures="0" tests="1" name="Chrome Test" time="7.906" errors="0" timestamp="2026-02-22T16:39:56 IST">
  <testcase classname="testScript.LoginTest" name="verifyValidUserNameAndValidPassword" time="3.973"/>
  <testcase classname="testScript.LoginTest" name="verifyInValidUserNameAndValidPassword" time="0.0">
    <ignored/>
  </testcase> <!-- verifyInValidUserNameAndValidPassword -->
  <testcase classname="testScript.LoginTest" name="verifyValidUserNameAndInValidPassword" time="0.0">
    <ignored/>
  </testcase> <!-- verifyValidUserNameAndInValidPassword -->
  <testcase classname="testScript.LoginTest" name="verifyInValidUserNameAndInValidPassword" time="0.0">
    <ignored/>
  </testcase> <!-- verifyInValidUserNameAndInValidPassword -->
</testsuite> <!-- Chrome Test -->
