<?xml version="1.0" encoding="UTF-8"?>
<testng-results ignored="0" total="3" passed="3" failed="0" skipped="0">
  <reporter-output>
  </reporter-output>
  <suite started-at="2026-02-25T19:55:59 IST" name="Suite" finished-at="2026-02-25T19:56:54 IST" duration-ms="54460">
    <groups>
    </groups>
    <test started-at="2026-02-25T19:55:59 IST" name="Test1" finished-at="2026-02-25T19:56:54 IST" duration-ms="54460">
      <class name="testScript.ManageNewsTest">
        <test-method is-config="true" signature="browserLaunch(java.lang.String)[pri:0, instance:testScript.ManageNewsTest@21be3395]" started-at="2026-02-25T19:55:59 IST" name="browserLaunch" finished-at="2026-02-25T19:56:03 IST" duration-ms="3940" status="PASS">
          <params>
            <param index="0">
              <value>
                <![CDATA[chrome]]>
              </value>
            </param>
          </params>
          <reporter-output>
          </reporter-output>
        </test-method> <!-- browserLaunch -->
        <test-method signature="verifyUserIsAbleToAddNews()[pri:0, instance:testScript.ManageNewsTest@21be3395]" started-at="2026-02-25T19:56:03 IST" name="verifyUserIsAbleToAddNews" description="Verify user can add news successfully" finished-at="2026-02-25T19:56:14 IST" duration-ms="10781" status="PASS">
          <reporter-output>
          </reporter-output>
        </test-method> <!-- verifyUserIsAbleToAddNews -->
        <test-method is-config="true" signature="driverQuit(org.testng.ITestResult)[pri:0, instance:testScript.ManageNewsTest@21be3395]" started-at="2026-02-25T19:56:14 IST" name="driverQuit" finished-at="2026-02-25T19:56:14 IST" duration-ms="15" status="PASS">
          <params>
            <param index="0">
              <value>
                <![CDATA[[TestResult name=verifyUserIsAbleToAddNews status=SUCCESS method=ManageNewsTest.verifyUserIsAbleToAddNews()[pri:0, instance:testScript.ManageNewsTest@21be3395] output={null}]]]>
              </value>
            </param>
          </params>
          <reporter-output>
          </reporter-output>
        </test-method> <!-- driverQuit -->
        <test-method is-config="true" signature="browserLaunch(java.lang.String)[pri:0, instance:testScript.ManageNewsTest@21be3395]" started-at="2026-02-25T19:56:14 IST" name="browserLaunch" finished-at="2026-02-25T19:56:19 IST" duration-ms="4849" status="PASS">
          <params>
            <param index="0">
              <value>
                <![CDATA[chrome]]>
              </value>
            </param>
          </params>
          <reporter-output>
          </reporter-output>
        </test-method> <!-- browserLaunch -->
        <test-method signature="verifyUserIsAbleToResetNews()[pri:0, instance:testScript.ManageNewsTest@21be3395]" started-at="2026-02-25T19:56:19 IST" name="verifyUserIsAbleToResetNews" description="Verify user can reset news search results" finished-at="2026-02-25T19:56:31 IST" duration-ms="11782" status="PASS">
          <reporter-output>
          </reporter-output>
        </test-method> <!-- verifyUserIsAbleToResetNews -->
        <test-method is-config="true" signature="driverQuit(org.testng.ITestResult)[pri:0, instance:testScript.ManageNewsTest@21be3395]" started-at="2026-02-25T19:56:31 IST" name="driverQuit" finished-at="2026-02-25T19:56:31 IST" duration-ms="10" status="PASS">
          <params>
            <param index="0">
              <value>
                <![CDATA[[TestResult name=verifyUserIsAbleToResetNews status=SUCCESS method=ManageNewsTest.verifyUserIsAbleToResetNews()[pri:0, instance:testScript.ManageNewsTest@21be3395] output={null}]]]>
              </value>
            </param>
          </params>
          <reporter-output>
          </reporter-output>
        </test-method> <!-- driverQuit -->
        <test-method is-config="true" signature="browserLaunch(java.lang.String)[pri:0, instance:testScript.ManageNewsTest@21be3395]" started-at="2026-02-25T19:56:31 IST" name="browserLaunch" finished-at="2026-02-25T19:56:36 IST" duration-ms="4739" status="PASS">
          <params>
            <param index="0">
              <value>
                <![CDATA[chrome]]>
              </value>
            </param>
          </params>
          <reporter-output>
          </reporter-output>
        </test-method> <!-- browserLaunch -->
        <test-method signature="verifyUserIsAbleToSearchNews()[pri:0, instance:testScript.ManageNewsTest@21be3395]" started-at="2026-02-25T19:56:36 IST" name="verifyUserIsAbleToSearchNews" description="Verify user can search existing news" finished-at="2026-02-25T19:56:54 IST" duration-ms="18125" status="PASS">
          <reporter-output>
          </reporter-output>
        </test-method> <!-- verifyUserIsAbleToSearchNews -->
        <test-method is-config="true" signature="driverQuit(org.testng.ITestResult)[pri:0, instance:testScript.ManageNewsTest@21be3395]" started-at="2026-02-25T19:56:54 IST" name="driverQuit" finished-at="2026-02-25T19:56:54 IST" duration-ms="7" status="PASS">
          <params>
            <param index="0">
              <value>
                <![CDATA[[TestResult name=verifyUserIsAbleToSearchNews status=SUCCESS method=ManageNewsTest.verifyUserIsAbleToSearchNews()[pri:0, instance:testScript.ManageNewsTest@21be3395] output={null}]]]>
              </value>
            </param>
          </params>
          <reporter-output>
          </reporter-output>
        </test-method> <!-- driverQuit -->
      </class> <!-- testScript.ManageNewsTest -->
    </test> <!-- Test1 -->
  </suite> <!-- Suite -->
</testng-results>
