<?xml version="1.0" encoding="UTF-8"?>
<testng-results ignored="0" total="3" passed="3" failed="0" skipped="0">
  <reporter-output>
  </reporter-output>
  <suite started-at="2026-02-23T23:22:46 IST" name="Suite" finished-at="2026-02-23T23:23:45 IST" duration-ms="58931">
    <groups>
    </groups>
    <test started-at="2026-02-23T23:22:46 IST" name="Test1" finished-at="2026-02-23T23:23:45 IST" duration-ms="58931">
      <class name="testScript.AdminUserTest">
        <test-method is-config="true" signature="browserLaunch(java.lang.String)[pri:0, instance:testScript.AdminUserTest@4f49f6af]" started-at="2026-02-23T23:22:46 IST" name="browserLaunch" finished-at="2026-02-23T23:22:52 IST" duration-ms="5078" status="PASS">
          <params>
            <param index="0">
              <value>
                <![CDATA[chrome]]>
              </value>
            </param>
          </params>
          <reporter-output>
          </reporter-output>
        </test-method> <!-- browserLaunch -->
        <test-method is-config="true" signature="adminUserLogin()[pri:0, instance:testScript.AdminUserTest@4f49f6af]" started-at="2026-02-23T23:22:52 IST" name="adminUserLogin" description="This Method is used to Login into the Application and Navigate to the Admin Users Page" finished-at="2026-02-23T23:22:58 IST" duration-ms="5985" status="PASS">
          <reporter-output>
          </reporter-output>
        </test-method> <!-- adminUserLogin -->
        <test-method signature="verifyIfUserIsAbleToAddNewUsers()[pri:0, instance:testScript.AdminUserTest@4f49f6af]" started-at="2026-02-23T23:22:58 IST" name="verifyIfUserIsAbleToAddNewUsers" description="This Method is used to Add New Users in the Admin User Page" finished-at="2026-02-23T23:23:02 IST" duration-ms="4393" status="PASS">
          <reporter-output>
          </reporter-output>
        </test-method> <!-- verifyIfUserIsAbleToAddNewUsers -->
        <test-method is-config="true" signature="driverQuit(org.testng.ITestResult)[pri:0, instance:testScript.AdminUserTest@4f49f6af]" started-at="2026-02-23T23:23:02 IST" name="driverQuit" finished-at="2026-02-23T23:23:02 IST" duration-ms="4" status="PASS">
          <params>
            <param index="0">
              <value>
                <![CDATA[[TestResult name=verifyIfUserIsAbleToAddNewUsers status=SUCCESS method=AdminUserTest.verifyIfUserIsAbleToAddNewUsers()[pri:0, instance:testScript.AdminUserTest@4f49f6af] output={null}]]]>
              </value>
            </param>
          </params>
          <reporter-output>
          </reporter-output>
        </test-method> <!-- driverQuit -->
        <test-method is-config="true" signature="browserLaunch(java.lang.String)[pri:0, instance:testScript.AdminUserTest@4f49f6af]" started-at="2026-02-23T23:23:02 IST" name="browserLaunch" finished-at="2026-02-23T23:23:08 IST" duration-ms="6024" status="PASS">
          <params>
            <param index="0">
              <value>
                <![CDATA[chrome]]>
              </value>
            </param>
          </params>
          <reporter-output>
          </reporter-output>
        </test-method> <!-- browserLaunch -->
        <test-method is-config="true" signature="adminUserLogin()[pri:0, instance:testScript.AdminUserTest@4f49f6af]" started-at="2026-02-23T23:23:08 IST" name="adminUserLogin" description="This Method is used to Login into the Application and Navigate to the Admin Users Page" finished-at="2026-02-23T23:23:13 IST" duration-ms="4738" status="PASS">
          <reporter-output>
          </reporter-output>
        </test-method> <!-- adminUserLogin -->
        <test-method signature="verifyIfUserIsAbleToResetPage()[pri:0, instance:testScript.AdminUserTest@4f49f6af]" started-at="2026-02-23T23:23:13 IST" name="verifyIfUserIsAbleToResetPage" description="This Method is used to Reset the Admin User Page" finished-at="2026-02-23T23:23:19 IST" duration-ms="6100" status="PASS">
          <reporter-output>
          </reporter-output>
        </test-method> <!-- verifyIfUserIsAbleToResetPage -->
        <test-method is-config="true" signature="driverQuit(org.testng.ITestResult)[pri:0, instance:testScript.AdminUserTest@4f49f6af]" started-at="2026-02-23T23:23:19 IST" name="driverQuit" finished-at="2026-02-23T23:23:19 IST" duration-ms="1" status="PASS">
          <params>
            <param index="0">
              <value>
                <![CDATA[[TestResult name=verifyIfUserIsAbleToResetPage status=SUCCESS method=AdminUserTest.verifyIfUserIsAbleToResetPage()[pri:0, instance:testScript.AdminUserTest@4f49f6af] output={null}]]]>
              </value>
            </param>
          </params>
          <reporter-output>
          </reporter-output>
        </test-method> <!-- driverQuit -->
        <test-method is-config="true" signature="browserLaunch(java.lang.String)[pri:0, instance:testScript.AdminUserTest@4f49f6af]" started-at="2026-02-23T23:23:19 IST" name="browserLaunch" finished-at="2026-02-23T23:23:24 IST" duration-ms="5470" status="PASS">
          <params>
            <param index="0">
              <value>
                <![CDATA[chrome]]>
              </value>
            </param>
          </params>
          <reporter-output>
          </reporter-output>
        </test-method> <!-- browserLaunch -->
        <test-method is-config="true" signature="adminUserLogin()[pri:0, instance:testScript.AdminUserTest@4f49f6af]" started-at="2026-02-23T23:23:24 IST" name="adminUserLogin" description="This Method is used to Login into the Application and Navigate to the Admin Users Page" finished-at="2026-02-23T23:23:29 IST" duration-ms="5102" status="PASS">
          <reporter-output>
          </reporter-output>
        </test-method> <!-- adminUserLogin -->
        <test-method signature="verifyIfUserIsAbleToSearchExistingUsers()[pri:0, instance:testScript.AdminUserTest@4f49f6af]" started-at="2026-02-23T23:23:29 IST" name="verifyIfUserIsAbleToSearchExistingUsers" description="This Method is used to search for exisiting users in the Admin User Page" finished-at="2026-02-23T23:23:45 IST" duration-ms="15953" status="PASS">
          <reporter-output>
          </reporter-output>
        </test-method> <!-- verifyIfUserIsAbleToSearchExistingUsers -->
        <test-method is-config="true" signature="driverQuit(org.testng.ITestResult)[pri:0, instance:testScript.AdminUserTest@4f49f6af]" started-at="2026-02-23T23:23:45 IST" name="driverQuit" finished-at="2026-02-23T23:23:45 IST" duration-ms="1" status="PASS">
          <params>
            <param index="0">
              <value>
                <![CDATA[[TestResult name=verifyIfUserIsAbleToSearchExistingUsers status=SUCCESS method=AdminUserTest.verifyIfUserIsAbleToSearchExistingUsers()[pri:0, instance:testScript.AdminUserTest@4f49f6af] output={null}]]]>
              </value>
            </param>
          </params>
          <reporter-output>
          </reporter-output>
        </test-method> <!-- driverQuit -->
      </class> <!-- testScript.AdminUserTest -->
    </test> <!-- Test1 -->
  </suite> <!-- Suite -->
</testng-results>
