<?xml version="1.0" encoding="UTF-8"?>
<!-- Generated by org.testng.reporters.JUnitReportReporter -->
<testsuite hostname="DESKTOP-36GPC1S" failures="0" tests="2" name="testScript.LoginTest" time="10.195" errors="0" timestamp="2026-02-22T20:35:45 IST" skipped="0">
  <testcase classname="testScript.LoginTest" name="verifyInValidUserNameAndInValidPassword" time="4.938"/>
  <testcase classname="testScript.LoginTest" name="verifyInValidUserNameAndInValidPassword" time="5.257"/>
</testsuite> <!-- testScript.LoginTest -->
