<?xml version="1.0" encoding="UTF-8"?>
<!-- Generated by org.testng.reporters.JUnitReportReporter -->
<testsuite hostname="DESKTOP-36GPC1S" failures="0" tests="3" name="testScript.AdminUserTest" time="47.343" errors="0" timestamp="2026-02-25T21:36:43 IST" skipped="0">
  <testcase classname="testScript.AdminUserTest" name="verifyIfUserIsAbleToSearchExistingUsers" time="18.839"/>
  <testcase classname="testScript.AdminUserTest" name="verifyIfUserIsAbleToResetPage" time="13.832"/>
  <testcase classname="testScript.AdminUserTest" name="verifyIfUserIsAbleToAddNewUsers" time="14.672"/>
</testsuite> <!-- testScript.AdminUserTest -->
