<?xml version="1.0" encoding="UTF-8"?>
<!-- Generated by org.testng.reporters.JUnitReportReporter -->
<testsuite hostname="DESKTOP-36GPC1S" failures="0" tests="3" name="testScript.ManageNewsTest" time="39.824" errors="0" timestamp="2026-02-25T21:55:06 IST" skipped="0">
  <testcase classname="testScript.ManageNewsTest" name="verifyUserIsAbleToResetNews" time="14.225"/>
  <testcase classname="testScript.ManageNewsTest" name="verifyUserIsAbleToAddNews" time="9.883"/>
  <testcase classname="testScript.ManageNewsTest" name="verifyUserIsAbleToSearchNews" time="15.716"/>
</testsuite> <!-- testScript.ManageNewsTest -->
