<?xml version="1.0" encoding="UTF-8"?>
<!-- Generated by org.testng.reporters.JUnitReportReporter -->
<testsuite hostname="DESKTOP-36GPC1S" failures="0" tests="3" name="testScript.ManageNewsTest" time="60.600" errors="0" timestamp="2026-02-23T23:21:28 IST" skipped="0">
  <testcase classname="testScript.ManageNewsTest" name="verifyUserIsAbleToSearchNews" time="26.848"/>
  <testcase classname="testScript.ManageNewsTest" name="verifyUserIsAbleToAddNews" time="11.598"/>
  <testcase classname="testScript.ManageNewsTest" name="verifyUserIsAbleToResetNews" time="22.154"/>
</testsuite> <!-- testScript.ManageNewsTest -->
