<?xml version="1.0" encoding="UTF-8"?>
<!-- Generated by org.testng.reporters.JUnitReportReporter -->
<testsuite hostname="DESKTOP-36GPC1S" failures="0" tests="3" name="testScript.AdminUserTest" time="58.849" errors="0" timestamp="2026-02-23T23:23:46 IST" skipped="0">
  <testcase classname="testScript.AdminUserTest" name="verifyIfUserIsAbleToSearchExistingUsers" time="27.020"/>
  <testcase classname="testScript.AdminUserTest" name="verifyIfUserIsAbleToAddNewUsers" time="14.966"/>
  <testcase classname="testScript.AdminUserTest" name="verifyIfUserIsAbleToResetPage" time="16.863"/>
</testsuite> <!-- testScript.AdminUserTest -->
